/home/ros/ros2_ws/install/py_pubsub/lib/python3.8/site-packages/py_pubsub/defines.py
/home/ros/ros2_ws/install/py_pubsub/lib/python3.8/site-packages/py_pubsub/utils.py
/home/ros/ros2_ws/install/py_pubsub/lib/python3.8/site-packages/py_pubsub/DetectionNode.py
/home/ros/ros2_ws/install/py_pubsub/lib/python3.8/site-packages/py_pubsub/__init__.py
/home/ros/ros2_ws/install/py_pubsub/lib/python3.8/site-packages/py_pubsub/PublisherNode.py
/home/ros/ros2_ws/install/py_pubsub/lib/python3.8/site-packages/py_pubsub/__pycache__/defines.cpython-38.pyc
/home/ros/ros2_ws/install/py_pubsub/lib/python3.8/site-packages/py_pubsub/__pycache__/utils.cpython-38.pyc
/home/ros/ros2_ws/install/py_pubsub/lib/python3.8/site-packages/py_pubsub/__pycache__/DetectionNode.cpython-38.pyc
/home/ros/ros2_ws/install/py_pubsub/lib/python3.8/site-packages/py_pubsub/__pycache__/__init__.cpython-38.pyc
/home/ros/ros2_ws/install/py_pubsub/lib/python3.8/site-packages/py_pubsub/__pycache__/PublisherNode.cpython-38.pyc
/home/ros/ros2_ws/install/py_pubsub/share/ament_index/resource_index/packages/py_pubsub
/home/ros/ros2_ws/install/py_pubsub/share/py_pubsub/package.xml
/home/ros/ros2_ws/install/py_pubsub/lib/python3.8/site-packages/py_pubsub-0.0.0-py3.8.egg-info/top_level.txt
/home/ros/ros2_ws/install/py_pubsub/lib/python3.8/site-packages/py_pubsub-0.0.0-py3.8.egg-info/SOURCES.txt
/home/ros/ros2_ws/install/py_pubsub/lib/python3.8/site-packages/py_pubsub-0.0.0-py3.8.egg-info/requires.txt
/home/ros/ros2_ws/install/py_pubsub/lib/python3.8/site-packages/py_pubsub-0.0.0-py3.8.egg-info/PKG-INFO
/home/ros/ros2_ws/install/py_pubsub/lib/python3.8/site-packages/py_pubsub-0.0.0-py3.8.egg-info/entry_points.txt
/home/ros/ros2_ws/install/py_pubsub/lib/python3.8/site-packages/py_pubsub-0.0.0-py3.8.egg-info/zip-safe
/home/ros/ros2_ws/install/py_pubsub/lib/python3.8/site-packages/py_pubsub-0.0.0-py3.8.egg-info/dependency_links.txt
/home/ros/ros2_ws/install/py_pubsub/lib/py_pubsub/detector
/home/ros/ros2_ws/install/py_pubsub/lib/py_pubsub/sender
